-------------------------------------------------------------------------------
Test set: com.paypal.bfs.test.bookingserv.BookingServApplicationTests
-------------------------------------------------------------------------------
Tests run: 1, Failures: 0, Errors: 1, Skipped: 0, Time elapsed: 0.47 s <<< FAILURE! - in com.paypal.bfs.test.bookingserv.BookingServApplicationTests
initializationError(com.paypal.bfs.test.bookingserv.BookingServApplicationTests)  Time elapsed: 0.006 s  <<< ERROR!
java.lang.Exception: No runnable methods

